2019-10-10 16:45:06,213 INFO 41782 [Timer] /Users/ccsa/github/egg-project/node_modules/egg-multipart/app/schedule/clean_tmpdir.js next time will execute after 42293790ms at 2019-10-11 04:30:00.003
2019-10-10 16:45:06,213 INFO 41782 [Timer] /Users/ccsa/github/egg-project/node_modules/egg-logrotator/app/schedule/clean_log.js next time will execute after 26093787ms at 2019-10-11 00:00:00.000
2019-10-10 16:45:06,213 INFO 41782 [Timer] /Users/ccsa/github/egg-project/node_modules/egg-logrotator/app/schedule/rotate_by_file.js next time will execute after 26094787ms at 2019-10-11 00:00:01.000
2019-10-10 16:45:06,080 INFO 41783 [egg-schedule]: register schedule /Users/ccsa/github/egg-project/node_modules/egg-multipart/app/schedule/clean_tmpdir.js
2019-10-10 16:45:06,080 INFO 41783 [egg-schedule]: register schedule /Users/ccsa/github/egg-project/node_modules/egg-logrotator/app/schedule/clean_log.js
2019-10-10 16:45:06,080 INFO 41783 [egg-schedule]: register schedule /Users/ccsa/github/egg-project/node_modules/egg-logrotator/app/schedule/rotate_by_file.js
2019-10-10 16:55:14,360 INFO 42975 [Timer] /Users/ccsa/github/egg-project/node_modules/egg-multipart/app/schedule/clean_tmpdir.js next time will execute after 41685642ms at 2019-10-11 04:30:00.002
2019-10-10 16:55:14,360 INFO 42975 [Timer] /Users/ccsa/github/egg-project/node_modules/egg-logrotator/app/schedule/clean_log.js next time will execute after 25485640ms at 2019-10-11 00:00:00.000
2019-10-10 16:55:14,361 INFO 42975 [Timer] /Users/ccsa/github/egg-project/node_modules/egg-logrotator/app/schedule/rotate_by_file.js next time will execute after 25486640ms at 2019-10-11 00:00:01.001
2019-10-10 16:55:14,277 INFO 42976 [egg-schedule]: register schedule /Users/ccsa/github/egg-project/node_modules/egg-multipart/app/schedule/clean_tmpdir.js
2019-10-10 16:55:14,277 INFO 42976 [egg-schedule]: register schedule /Users/ccsa/github/egg-project/node_modules/egg-logrotator/app/schedule/clean_log.js
2019-10-10 16:55:14,277 INFO 42976 [egg-schedule]: register schedule /Users/ccsa/github/egg-project/node_modules/egg-logrotator/app/schedule/rotate_by_file.js
2019-10-10 17:35:16,930 INFO 44599 [egg-schedule]: register schedule /Users/ccsa/github/egg-project/node_modules/egg-multipart/app/schedule/clean_tmpdir.js
2019-10-10 17:35:16,930 INFO 44599 [egg-schedule]: register schedule /Users/ccsa/github/egg-project/node_modules/egg-logrotator/app/schedule/clean_log.js
2019-10-10 17:35:16,930 INFO 44599 [egg-schedule]: register schedule /Users/ccsa/github/egg-project/node_modules/egg-logrotator/app/schedule/rotate_by_file.js
2019-10-10 17:37:36,801 INFO 44842 [egg-schedule]: register schedule /Users/ccsa/github/egg-project/node_modules/egg-multipart/app/schedule/clean_tmpdir.js
2019-10-10 17:37:36,801 INFO 44842 [egg-schedule]: register schedule /Users/ccsa/github/egg-project/node_modules/egg-logrotator/app/schedule/clean_log.js
2019-10-10 17:37:36,801 INFO 44842 [egg-schedule]: register schedule /Users/ccsa/github/egg-project/node_modules/egg-logrotator/app/schedule/rotate_by_file.js
2019-10-10 17:39:58,667 INFO 45235 [Timer] /Users/ccsa/github/egg-project/node_modules/egg-multipart/app/schedule/clean_tmpdir.js next time will execute after 39001335ms at 2019-10-11 04:30:00.002
2019-10-10 17:39:58,667 INFO 45235 [Timer] /Users/ccsa/github/egg-project/node_modules/egg-logrotator/app/schedule/clean_log.js next time will execute after 22801333ms at 2019-10-11 00:00:00.000
2019-10-10 17:39:58,667 INFO 45235 [Timer] /Users/ccsa/github/egg-project/node_modules/egg-logrotator/app/schedule/rotate_by_file.js next time will execute after 22802333ms at 2019-10-11 00:00:01.000
2019-10-10 17:39:58,590 INFO 45236 [egg-schedule]: register schedule /Users/ccsa/github/egg-project/node_modules/egg-multipart/app/schedule/clean_tmpdir.js
2019-10-10 17:39:58,590 INFO 45236 [egg-schedule]: register schedule /Users/ccsa/github/egg-project/node_modules/egg-logrotator/app/schedule/clean_log.js
2019-10-10 17:39:58,590 INFO 45236 [egg-schedule]: register schedule /Users/ccsa/github/egg-project/node_modules/egg-logrotator/app/schedule/rotate_by_file.js
